
[admin]: Login (2023-01-12 09:25:19.629)
[23456789]: Login (2023-01-12 09:28:53.235)
[23456789]: Login (2023-01-12 09:29:13.58)
[admin]: Login (2023-01-12 09:29:24.923)
[admin]: Login (2023-01-12 09:39:10.74)
[admin]: Login (2023-01-12 09:39:22.594)
[admin]: Login (2023-01-12 09:39:32.5)
[12345678]: Login (2023-01-12 09:39:45.818)
[admin]: Login (2023-01-12 09:41:21.573)
[admin]: Login (2023-01-12 09:42:11.405)
[12345678]: Login (2023-01-12 09:50:25.301)
[12345678]: Balance check (2023-01-12 09:50:30.461)
[12345678]: Deposit -> 23.0$ (2023-01-12 09:50:34.982)
[12345678]: Logout (2023-01-12 09:50:38.714)
[23456789]: Login (2023-01-12 09:50:52.964)
[23456789]: Logout (2023-01-12 09:50:55.907)
[12345678]: Login (2023-01-12 09:51:39.2)
[12345678]: Logout (2023-01-12 09:51:40.527)
[12345678]: Login (2023-01-12 10:05:11.769)
[12345678]: Invalid option (2023-01-12 10:05:18.062)
[12345678]: Login (2023-01-12 10:05:49.158)
[12345678]: Login (2023-01-12 10:07:17.446)
[admin]: Login (2023-01-12 10:12:39.729)
[admin]: Login (2023-01-12 10:12:39.745)
